# Logfile created on 2024-10-28 11:36:45 +0000 by logger.rb/v1.6.1
[dotenv] Set [36mRAILS_LOG_TO_STDOUT[0m
[dotenv] Loaded [33m.env[0m
D, [2024-10-28T11:37:17.338178 #47789] DEBUG -- : [gruf] Binding OnPrem::Service to HeartbeatController
I, [2024-10-28T11:37:17.338970 #47789]  INFO -- : [gruf] Starting gruf server at 0.0.0.0:50051...
D, [2024-10-28T11:37:22.067952 #47789] DEBUG -- : [gruf] Binding OnPrem::Service to HeartbeatController
D, [2024-10-28T11:37:22.069910 #47789] DEBUG -- : Intercepting request with interceptor: Gruf::Interceptors::Rails::Reloader
D, [2024-10-28T11:37:22.081811 #47789] DEBUG -- : Intercepting request with interceptor: Gruf::Interceptors::ActiveRecord::ConnectionReset
D, [2024-10-28T11:37:22.081844 #47789] DEBUG -- : Intercepting request with interceptor: Gruf::Interceptors::Instrumentation::OutputMetadataTimer
D, [2024-10-28T11:37:22.082491 #47789] DEBUG -- : Intercepting request with interceptor: Gruf::Interceptors::Instrumentation::RequestLogging::Interceptor
D, [2024-10-28T11:37:22.083850 #47789] DEBUG -- : [GRPC::Ok] (heartbeat) [0.01ms] [GRPC::Ok] (on_prem.heartbeat)
D, [2024-10-28T11:37:23.057154 #47789] DEBUG -- : [gruf] Binding OnPrem::Service to HeartbeatController
D, [2024-10-28T11:37:23.057280 #47789] DEBUG -- : Intercepting request with interceptor: Gruf::Interceptors::Rails::Reloader
D, [2024-10-28T11:37:23.064655 #47789] DEBUG -- : Intercepting request with interceptor: Gruf::Interceptors::ActiveRecord::ConnectionReset
D, [2024-10-28T11:37:23.064687 #47789] DEBUG -- : Intercepting request with interceptor: Gruf::Interceptors::Instrumentation::OutputMetadataTimer
D, [2024-10-28T11:37:23.064712 #47789] DEBUG -- : Intercepting request with interceptor: Gruf::Interceptors::Instrumentation::RequestLogging::Interceptor
D, [2024-10-28T11:37:23.065335 #47789] DEBUG -- : [GRPC::Ok] (heartbeat) [0.01ms] [GRPC::Ok] (on_prem.heartbeat)
D, [2024-10-28T11:37:23.841921 #47789] DEBUG -- : [gruf] Binding OnPrem::Service to HeartbeatController
D, [2024-10-28T11:37:23.842058 #47789] DEBUG -- : Intercepting request with interceptor: Gruf::Interceptors::Rails::Reloader
D, [2024-10-28T11:37:23.850484 #47789] DEBUG -- : Intercepting request with interceptor: Gruf::Interceptors::ActiveRecord::ConnectionReset
D, [2024-10-28T11:37:23.850517 #47789] DEBUG -- : Intercepting request with interceptor: Gruf::Interceptors::Instrumentation::OutputMetadataTimer
D, [2024-10-28T11:37:23.850541 #47789] DEBUG -- : Intercepting request with interceptor: Gruf::Interceptors::Instrumentation::RequestLogging::Interceptor
D, [2024-10-28T11:37:23.850652 #47789] DEBUG -- : [GRPC::Ok] (heartbeat) [0.01ms] [GRPC::Ok] (on_prem.heartbeat)
I, [2024-10-28T11:38:37.092069 #47789]  INFO -- : [gruf] Goodbye!
[dotenv] Set [36mRAILS_LOG_TO_STDOUT[0m
[dotenv] Loaded [33m.env[0m
D, [2024-10-28T11:38:38.950720 #48716] DEBUG -- : [gruf] Binding OnPrem::Service to HeartbeatController
I, [2024-10-28T11:38:38.951465 #48716]  INFO -- : [gruf] Starting gruf server at 0.0.0.0:50051...
[dotenv] Set [36mRAILS_LOG_TO_STDOUT[0m
[dotenv] Loaded [33m.env[0m
D, [2024-10-28T11:39:06.365546 #49302] DEBUG -- :   [1m[36mTRANSACTION (0.0ms)[0m  [1m[35mBEGIN[0m
D, [2024-10-28T11:39:06.370289 #49302] DEBUG -- :   [1m[36mTRANSACTION (0.1ms)[0m  [1m[31mROLLBACK[0m
[dotenv] Set [36mRAILS_LOG_TO_STDOUT[0m
[dotenv] Loaded [33m.env[0m
D, [2024-10-28T11:41:53.756871 #49780] DEBUG -- :   [1m[36mActiveRecord::SchemaMigration Load (0.5ms)[0m  [1m[34mSELECT "schema_migrations"."version" FROM "schema_migrations" ORDER BY "schema_migrations"."version" ASC[0m
[dotenv] Set [36mRAILS_LOG_TO_STDOUT[0m
[dotenv] Loaded [33m.env[0m
D, [2024-10-28T11:41:57.959283 #50061] DEBUG -- :   [1m[35m (0.0ms)[0m  [1m[34mSELECT pg_try_advisory_lock(4297354638838680090)[0m
D, [2024-10-28T11:41:57.959871 #50061] DEBUG -- :   [1m[36mActiveRecord::SchemaMigration Load (0.2ms)[0m  [1m[34mSELECT "schema_migrations"."version" FROM "schema_migrations" ORDER BY "schema_migrations"."version" ASC[0m
D, [2024-10-28T11:41:57.960962 #50061] DEBUG -- :   [1m[36mActiveRecord::InternalMetadata Load (0.3ms)[0m  [1m[34mSELECT * FROM "ar_internal_metadata" WHERE "ar_internal_metadata"."key" = $1 ORDER BY "ar_internal_metadata"."key" ASC LIMIT 1[0m  [[nil, "environment"]]
I, [2024-10-28T11:41:57.961537 #50061]  INFO -- : Migrating to CreateDeploymentTokens (20241028112257)
D, [2024-10-28T11:41:57.962907 #50061] DEBUG -- :   [1m[36mTRANSACTION (0.0ms)[0m  [1m[35mBEGIN[0m
D, [2024-10-28T11:41:57.966136 #50061] DEBUG -- :   [1m[35m (2.5ms)[0m  [1m[35mCREATE TABLE "deployment_tokens" ("id" uuid DEFAULT gen_random_uuid() NOT NULL PRIMARY KEY, "deployment_id" uuid NOT NULL, "token" character varying NOT NULL, "created_at" timestamp(6) NOT NULL, "updated_at" timestamp(6) NOT NULL, CONSTRAINT "fk_rails_02fe2e747d"
FOREIGN KEY ("deployment_id")
  REFERENCES "deployments" ("id")
)[0m
D, [2024-10-28T11:41:57.966936 #50061] DEBUG -- :   [1m[35m (0.2ms)[0m  [1m[35mCREATE INDEX "index_deployment_tokens_on_deployment_id" ON "deployment_tokens" ("deployment_id")[0m
D, [2024-10-28T11:41:57.967356 #50061] DEBUG -- :   [1m[36mActiveRecord::SchemaMigration Create (0.1ms)[0m  [1m[32mINSERT INTO "schema_migrations" ("version") VALUES ('20241028112257') RETURNING "version"[0m
D, [2024-10-28T11:41:57.968249 #50061] DEBUG -- :   [1m[36mTRANSACTION (0.5ms)[0m  [1m[35mCOMMIT[0m
D, [2024-10-28T11:41:57.968538 #50061] DEBUG -- :   [1m[35m (0.1ms)[0m  [1m[34mSELECT pg_advisory_unlock(4297354638838680090)[0m
D, [2024-10-28T11:41:57.969754 #50061] DEBUG -- :   [1m[36mActiveRecord::SchemaMigration Load (0.1ms)[0m  [1m[34mSELECT "schema_migrations"."version" FROM "schema_migrations" ORDER BY "schema_migrations"."version" ASC[0m
[dotenv] Set [36mRAILS_LOG_TO_STDOUT[0m
[dotenv] Loaded [33m.env[0m
D, [2024-10-28T11:42:00.658603 #50340] DEBUG -- :   [1m[36mActiveRecord::SchemaMigration Load (0.2ms)[0m  [1m[34mSELECT "schema_migrations"."version" FROM "schema_migrations" ORDER BY "schema_migrations"."version" ASC[0m
D, [2024-10-28T11:42:00.665986 #50340] DEBUG -- :   [1m[36mTRANSACTION (0.1ms)[0m  [1m[35mBEGIN[0m
D, [2024-10-28T11:42:00.667801 #50340] DEBUG -- :   [1m[36mTeam Create (1.8ms)[0m  [1m[32mINSERT INTO "teams" ("name", "created_at", "updated_at") VALUES ($1, $2, $3) RETURNING "id"[0m  [["name", nil], ["created_at", "2024-10-28 11:42:00.665468"], ["updated_at", "2024-10-28 11:42:00.665468"]]
D, [2024-10-28T11:42:00.668542 #50340] DEBUG -- :   [1m[36mTRANSACTION (0.2ms)[0m  [1m[35mCOMMIT[0m
D, [2024-10-28T11:42:00.675904 #50340] DEBUG -- :   [1m[36mUser Load (0.6ms)[0m  [1m[34mSELECT "users".* FROM "users" WHERE "users"."email" = $1 LIMIT $2[0m  [["email", "[FILTERED]"], ["LIMIT", 1]]
D, [2024-10-28T11:42:00.677961 #50340] DEBUG -- :   [1m[36mTRANSACTION (0.1ms)[0m  [1m[35mBEGIN[0m
D, [2024-10-28T11:42:00.888262 #50340] DEBUG -- :   [1m[36mUser Exists? (0.5ms)[0m  [1m[34mSELECT 1 AS one FROM "users" WHERE "users"."email" = $1 LIMIT $2[0m  [["email", "[FILTERED]"], ["LIMIT", 1]]
D, [2024-10-28T11:42:00.892006 #50340] DEBUG -- :   [1m[36mUser Create (2.9ms)[0m  [1m[32mINSERT INTO "users" ("email", "encrypted_password", "reset_password_token", "reset_password_sent_at", "remember_created_at", "created_at", "updated_at", "name", "first_name", "last_name", "profile_picture_url", "team_id") VALUES ($1, $2, $3, $4, $5, $6, $7, $8, $9, $10, $11, $12) RETURNING "id"[0m  [["email", "[FILTERED]"], ["encrypted_password", "[FILTERED]"], ["reset_password_token", "[FILTERED]"], ["reset_password_sent_at", "[FILTERED]"], ["remember_created_at", nil], ["created_at", "2024-10-28 11:42:00.888816"], ["updated_at", "2024-10-28 11:42:00.888816"], ["name", "alex"], ["first_name", nil], ["last_name", nil], ["profile_picture_url", nil], ["team_id", "e9b8af08-c9e6-48ac-971f-0f10fb163425"]]
D, [2024-10-28T11:42:00.892665 #50340] DEBUG -- :   [1m[36mTRANSACTION (0.2ms)[0m  [1m[35mCOMMIT[0m
D, [2024-10-28T11:42:00.893245 #50340] DEBUG -- :   [1m[36mUser Load (0.1ms)[0m  [1m[34mSELECT "users".* FROM "users" WHERE "users"."email" = $1 LIMIT $2[0m  [["email", "[FILTERED]"], ["LIMIT", 1]]
D, [2024-10-28T11:42:01.083712 #50340] DEBUG -- :   [1m[36mTRANSACTION (0.2ms)[0m  [1m[35mBEGIN[0m
D, [2024-10-28T11:42:01.084930 #50340] DEBUG -- :   [1m[36mUser Exists? (1.4ms)[0m  [1m[34mSELECT 1 AS one FROM "users" WHERE "users"."email" = $1 LIMIT $2[0m  [["email", "[FILTERED]"], ["LIMIT", 1]]
D, [2024-10-28T11:42:01.086126 #50340] DEBUG -- :   [1m[36mUser Create (0.3ms)[0m  [1m[32mINSERT INTO "users" ("email", "encrypted_password", "reset_password_token", "reset_password_sent_at", "remember_created_at", "created_at", "updated_at", "name", "first_name", "last_name", "profile_picture_url", "team_id") VALUES ($1, $2, $3, $4, $5, $6, $7, $8, $9, $10, $11, $12) RETURNING "id"[0m  [["email", "[FILTERED]"], ["encrypted_password", "[FILTERED]"], ["reset_password_token", "[FILTERED]"], ["reset_password_sent_at", "[FILTERED]"], ["remember_created_at", nil], ["created_at", "2024-10-28 11:42:01.085529"], ["updated_at", "2024-10-28 11:42:01.085529"], ["name", "alec"], ["first_name", nil], ["last_name", nil], ["profile_picture_url", nil], ["team_id", "e9b8af08-c9e6-48ac-971f-0f10fb163425"]]
D, [2024-10-28T11:42:01.087195 #50340] DEBUG -- :   [1m[36mTRANSACTION (0.5ms)[0m  [1m[35mCOMMIT[0m
D, [2024-10-28T11:42:01.099314 #50340] DEBUG -- :   [1m[36mTRANSACTION (0.1ms)[0m  [1m[35mBEGIN[0m
D, [2024-10-28T11:42:01.101354 #50340] DEBUG -- :   [1m[36mDeployment Create (2.1ms)[0m  [1m[32mINSERT INTO "deployments" ("team_id", "created_at", "updated_at", "name") VALUES ($1, $2, $3, $4) RETURNING "id"[0m  [["team_id", "e9b8af08-c9e6-48ac-971f-0f10fb163425"], ["created_at", "2024-10-28 11:42:01.099028"], ["updated_at", "2024-10-28 11:42:01.099028"], ["name", "sample deployment"]]
D, [2024-10-28T11:42:01.102089 #50340] DEBUG -- :   [1m[36mTRANSACTION (0.1ms)[0m  [1m[35mCOMMIT[0m
[dotenv] Set [36mRAILS_LOG_TO_STDOUT[0m
[dotenv] Loaded [33m.env[0m
D, [2024-10-28T11:42:25.278638 #50790] DEBUG -- :   [1m[36mDeployment Load (0.3ms)[0m  [1m[34mSELECT "deployments".* FROM "deployments" ORDER BY "deployments"."id" ASC LIMIT $1[0m  [["LIMIT", 1]]
D, [2024-10-28T11:42:28.793888 #50790] DEBUG -- :   [1m[36mDeployment Load (0.7ms)[0m  [1m[34mSELECT "deployments".* FROM "deployments" ORDER BY "deployments"."id" ASC LIMIT $1[0m  [["LIMIT", 1]]
D, [2024-10-28T11:42:28.813693 #50790] DEBUG -- :   [1m[36mDeployment::Token Load (1.1ms)[0m  [1m[34mSELECT "deployment_tokens".* FROM "deployment_tokens" WHERE "deployment_tokens"."deployment_id" = $1 /* loading for pp */ LIMIT $2[0m  [["deployment_id", "8eabc006-c7dc-41d9-b9cb-de515604d4bc"], ["LIMIT", 11]]
D, [2024-10-28T11:42:31.457182 #50790] DEBUG -- :   [1m[36mDeployment Load (0.5ms)[0m  [1m[34mSELECT "deployments".* FROM "deployments" ORDER BY "deployments"."id" ASC LIMIT $1[0m  [["LIMIT", 1]]
D, [2024-10-28T11:42:31.462273 #50790] DEBUG -- :   [1m[36mTRANSACTION (0.1ms)[0m  [1m[35mBEGIN[0m
D, [2024-10-28T11:42:31.463412 #50790] DEBUG -- :   [1m[36mDeployment::Token Create (1.3ms)[0m  [1m[32mINSERT INTO "deployment_tokens" ("deployment_id", "token", "created_at", "updated_at") VALUES ($1, $2, $3, $4) RETURNING "id"[0m  [["deployment_id", "8eabc006-c7dc-41d9-b9cb-de515604d4bc"], ["token", "[FILTERED]"], ["created_at", "2024-10-28 11:42:31.461484"], ["updated_at", "2024-10-28 11:42:31.461484"]]
D, [2024-10-28T11:42:31.464538 #50790] DEBUG -- :   [1m[36mTRANSACTION (0.9ms)[0m  [1m[35mCOMMIT[0m
D, [2024-10-28T11:42:42.451697 #50790] DEBUG -- :   [1m[36mDeployment Load (0.6ms)[0m  [1m[34mSELECT "deployments".* FROM "deployments" ORDER BY "deployments"."id" ASC LIMIT $1[0m  [["LIMIT", 1]]
D, [2024-10-28T11:42:42.454244 #50790] DEBUG -- :   [1m[36mDeployment::Token Load (0.5ms)[0m  [1m[34mSELECT "deployment_tokens".* FROM "deployment_tokens" WHERE "deployment_tokens"."deployment_id" = $1 /* loading for pp */ LIMIT $2[0m  [["deployment_id", "8eabc006-c7dc-41d9-b9cb-de515604d4bc"], ["LIMIT", 11]]
D, [2024-10-28T11:42:52.376002 #50790] DEBUG -- :   [1m[36mDeployment Load (0.6ms)[0m  [1m[34mSELECT "deployments".* FROM "deployments" ORDER BY "deployments"."id" ASC LIMIT $1[0m  [["LIMIT", 1]]
D, [2024-10-28T11:42:52.378733 #50790] DEBUG -- :   [1m[36mDeployment::Token Load (0.6ms)[0m  [1m[34mSELECT "deployment_tokens".* FROM "deployment_tokens" WHERE "deployment_tokens"."deployment_id" = $1 /* loading for pp */ LIMIT $2[0m  [["deployment_id", "8eabc006-c7dc-41d9-b9cb-de515604d4bc"], ["LIMIT", 11]]
D, [2024-10-28T11:42:58.933532 #50790] DEBUG -- :   [1m[36mDeployment Load (0.6ms)[0m  [1m[34mSELECT "deployments".* FROM "deployments" ORDER BY "deployments"."id" ASC LIMIT $1[0m  [["LIMIT", 1]]
D, [2024-10-28T11:42:58.936049 #50790] DEBUG -- :   [1m[36mDeployment::Token Load (0.4ms)[0m  [1m[34mSELECT "deployment_tokens".* FROM "deployment_tokens" WHERE "deployment_tokens"."deployment_id" = $1 ORDER BY "deployment_tokens"."id" ASC LIMIT $2[0m  [["deployment_id", "8eabc006-c7dc-41d9-b9cb-de515604d4bc"], ["LIMIT", 1]]
D, [2024-10-28T11:43:11.929771 #48716] DEBUG -- : [gruf] Binding OnPrem::Service to HeartbeatController
D, [2024-10-28T11:43:11.932467 #48716] DEBUG -- : Intercepting request with interceptor: Gruf::Interceptors::Rails::Reloader
D, [2024-10-28T11:43:11.970253 #48716] DEBUG -- : Intercepting request with interceptor: Gruf::Interceptors::ActiveRecord::ConnectionReset
D, [2024-10-28T11:43:11.970289 #48716] DEBUG -- : Intercepting request with interceptor: Gruf::Interceptors::Instrumentation::OutputMetadataTimer
D, [2024-10-28T11:43:11.970659 #48716] DEBUG -- : Intercepting request with interceptor: Gruf::Interceptors::Instrumentation::RequestLogging::Interceptor
D, [2024-10-28T11:43:11.971377 #48716] DEBUG -- : [GRPC::Ok] (heartbeat) [0.01ms] [GRPC::Ok] (on_prem.heartbeat)
D, [2024-10-28T11:43:17.984413 #48716] DEBUG -- : [gruf] Binding OnPrem::Service to HeartbeatController
D, [2024-10-28T11:43:17.984620 #48716] DEBUG -- : Intercepting request with interceptor: Gruf::Interceptors::Rails::Reloader
D, [2024-10-28T11:43:17.990616 #48716] DEBUG -- : Intercepting request with interceptor: Gruf::Interceptors::ActiveRecord::ConnectionReset
D, [2024-10-28T11:43:17.990648 #48716] DEBUG -- : Intercepting request with interceptor: Gruf::Interceptors::Instrumentation::OutputMetadataTimer
D, [2024-10-28T11:43:17.990671 #48716] DEBUG -- : Intercepting request with interceptor: Gruf::Interceptors::Instrumentation::RequestLogging::Interceptor
D, [2024-10-28T11:43:17.990776 #48716] DEBUG -- : [GRPC::Ok] (heartbeat) [0.01ms] [GRPC::Ok] (on_prem.heartbeat)
I, [2024-10-28T11:43:59.796145 #48716]  INFO -- : [gruf] Goodbye!
[dotenv] Set [36mRAILS_LOG_TO_STDOUT[0m
[dotenv] Loaded [33m.env[0m
[dotenv] Set [36mRAILS_LOG_TO_STDOUT[0m
[dotenv] Loaded [33m.env[0m
[dotenv] Set [36mRAILS_LOG_TO_STDOUT[0m
[dotenv] Loaded [33m.env[0m
[dotenv] Set [36mRAILS_LOG_TO_STDOUT[0m
[dotenv] Loaded [33m.env[0m
[dotenv] Set [36mRAILS_LOG_TO_STDOUT[0m
[dotenv] Loaded [33m.env[0m
[dotenv] Set [36mRAILS_LOG_TO_STDOUT[0m
[dotenv] Loaded [33m.env[0m
D, [2024-10-28T11:47:28.500620 #53590] DEBUG -- : [gruf] Binding OnPrem::Service to HeartbeatController
I, [2024-10-28T11:47:28.501017 #53590]  INFO -- : [gruf] Starting gruf server at 0.0.0.0:50051...
D, [2024-10-28T11:47:33.746687 #53590] DEBUG -- : [gruf] Binding OnPrem::Service to HeartbeatController
D, [2024-10-28T11:47:33.748699 #53590] DEBUG -- : Intercepting request with interceptor: Gruf::Interceptors::Rails::Reloader
D, [2024-10-28T11:47:33.761032 #53590] DEBUG -- : Intercepting request with interceptor: Gruf::Interceptors::ActiveRecord::ConnectionReset
D, [2024-10-28T11:47:33.761072 #53590] DEBUG -- : Intercepting request with interceptor: Gruf::Interceptors::Instrumentation::OutputMetadataTimer
D, [2024-10-28T11:47:33.761286 #53590] DEBUG -- : Intercepting request with interceptor: Gruf::Interceptors::Instrumentation::RequestLogging::Interceptor
D, [2024-10-28T11:47:33.761329 #53590] DEBUG -- : Intercepting request with interceptor: AuthenticationInterceptor
D, [2024-10-28T11:48:00.309613 #53590] DEBUG -- : [gruf] Binding OnPrem::Service to HeartbeatController
D, [2024-10-28T11:48:00.309722 #53590] DEBUG -- : Intercepting request with interceptor: Gruf::Interceptors::Rails::Reloader
D, [2024-10-28T11:48:00.346931 #53590] DEBUG -- : Intercepting request with interceptor: Gruf::Interceptors::ActiveRecord::ConnectionReset
D, [2024-10-28T11:48:00.346962 #53590] DEBUG -- : Intercepting request with interceptor: Gruf::Interceptors::Instrumentation::OutputMetadataTimer
D, [2024-10-28T11:48:00.346979 #53590] DEBUG -- : Intercepting request with interceptor: Gruf::Interceptors::Instrumentation::RequestLogging::Interceptor
D, [2024-10-28T11:48:00.347003 #53590] DEBUG -- : Intercepting request with interceptor: AuthenticationInterceptor
I, [2024-10-28T11:48:03.891427 #53590]  INFO -- : [gruf] Goodbye!
[dotenv] Set [36mRAILS_LOG_TO_STDOUT[0m
[dotenv] Loaded [33m.env[0m
D, [2024-10-28T11:48:05.938907 #54326] DEBUG -- : [gruf] Binding OnPrem::Service to HeartbeatController
I, [2024-10-28T11:48:05.939282 #54326]  INFO -- : [gruf] Starting gruf server at 0.0.0.0:50051...
D, [2024-10-28T11:48:08.061848 #54326] DEBUG -- : [gruf] Binding OnPrem::Service to HeartbeatController
D, [2024-10-28T11:48:08.065969 #54326] DEBUG -- : Intercepting request with interceptor: Gruf::Interceptors::Rails::Reloader
D, [2024-10-28T11:48:08.079147 #54326] DEBUG -- : Intercepting request with interceptor: Gruf::Interceptors::ActiveRecord::ConnectionReset
D, [2024-10-28T11:48:08.079188 #54326] DEBUG -- : Intercepting request with interceptor: Gruf::Interceptors::Instrumentation::OutputMetadataTimer
D, [2024-10-28T11:48:08.079455 #54326] DEBUG -- : Intercepting request with interceptor: Gruf::Interceptors::Instrumentation::RequestLogging::Interceptor
D, [2024-10-28T11:48:08.079501 #54326] DEBUG -- : Intercepting request with interceptor: AuthenticationInterceptor
I, [2024-10-28T11:55:16.105594 #54326]  INFO -- : [gruf] Goodbye!
[dotenv] Set [36mRAILS_LOG_TO_STDOUT[0m
[dotenv] Loaded [33m.env[0m
[dotenv] Set [36mRAILS_LOG_TO_STDOUT[0m
[dotenv] Loaded [33m.env[0m
[dotenv] Set [36mRAILS_LOG_TO_STDOUT[0m
[dotenv] Loaded [33m.env[0m
[dotenv] Set [36mRAILS_LOG_TO_STDOUT[0m
[dotenv] Loaded [33m.env[0m
[dotenv] Set [36mRAILS_LOG_TO_STDOUT[0m
[dotenv] Loaded [33m.env[0m
[dotenv] Set [36mRAILS_LOG_TO_STDOUT[0m
[dotenv] Loaded [33m.env[0m
[dotenv] Set [36mRAILS_LOG_TO_STDOUT[0m
[dotenv] Loaded [33m.env[0m
[dotenv] Set [36mRAILS_LOG_TO_STDOUT[0m
[dotenv] Loaded [33m.env[0m
[dotenv] Set [36mRAILS_LOG_TO_STDOUT[0m
[dotenv] Loaded [33m.env[0m
[dotenv] Set [36mRAILS_LOG_TO_STDOUT[0m
[dotenv] Loaded [33m.env[0m
[dotenv] Set [36mRAILS_LOG_TO_STDOUT[0m
[dotenv] Loaded [33m.env[0m
[dotenv] Set [36mRAILS_LOG_TO_STDOUT[0m
[dotenv] Loaded [33m.env[0m
[dotenv] Set [36mRAILS_LOG_TO_STDOUT[0m
[dotenv] Loaded [33m.env[0m
[dotenv] Set [36mRAILS_LOG_TO_STDOUT[0m
[dotenv] Loaded [33m.env[0m
[dotenv] Set [36mRAILS_LOG_TO_STDOUT[0m
[dotenv] Loaded [33m.env[0m
[dotenv] Set [36mRAILS_LOG_TO_STDOUT[0m
[dotenv] Loaded [33m.env[0m
D, [2024-10-28T12:17:41.117195 #60955] DEBUG -- : [gruf] Binding OnPrem::Service to HeartbeatController
I, [2024-10-28T12:17:41.117964 #60955]  INFO -- : [gruf] Starting gruf server at 0.0.0.0:50051...
I, [2024-10-28T12:17:41.118694 #60955]  INFO -- : handling /OnPrem/Heartbeat with #<Method: OnPrem::Service#heartbeat(message, active_call) /Users/alex/.asdf/installs/ruby/3.3.4/lib/ruby/gems/3.3.0/gems/gruf-2.20.1/lib/gruf/controllers/service_binder.rb:52>
I, [2024-10-28T12:17:50.857051 #60955]  INFO -- : deadline is 1970-01-01 00:59:59 +0100; (now=2024-10-28 12:17:50 +0000)
I, [2024-10-28T12:17:50.857123 #60955]  INFO -- : schedule another job
D, [2024-10-28T12:17:50.864566 #60955] DEBUG -- : [gruf] Binding OnPrem::Service to HeartbeatController
D, [2024-10-28T12:17:50.864709 #60955] DEBUG -- : Intercepting request with interceptor: Gruf::Interceptors::Rails::Reloader
D, [2024-10-28T12:17:50.875808 #60955] DEBUG -- : Intercepting request with interceptor: Gruf::Interceptors::ActiveRecord::ConnectionReset
D, [2024-10-28T12:17:50.875846 #60955] DEBUG -- : Intercepting request with interceptor: Gruf::Interceptors::Instrumentation::OutputMetadataTimer
D, [2024-10-28T12:17:50.875888 #60955] DEBUG -- : Intercepting request with interceptor: Gruf::Interceptors::Instrumentation::RequestLogging::Interceptor
D, [2024-10-28T12:17:50.876043 #60955] DEBUG -- : [GRPC::Ok] (heartbeat) [0.01ms] [GRPC::Ok] (on_prem.heartbeat)
I, [2024-10-28T12:18:02.938663 #60955]  INFO -- : stopping, will wait for all the workers to exit
I, [2024-10-28T12:18:02.938767 #60955]  INFO -- : stopped: #<GRPC::RpcServer:0x00000001240fa648>
I, [2024-10-28T12:18:02.940678 #60955]  INFO -- : stopped, all workers are shutdown
I, [2024-10-28T12:18:02.940972 #60955]  INFO -- : [gruf] Goodbye!
[dotenv] Set [36mRAILS_LOG_TO_STDOUT[0m
[dotenv] Loaded [33m.env[0m
[dotenv] Set [36mRAILS_LOG_TO_STDOUT[0m
[dotenv] Loaded [33m.env[0m
[dotenv] Set [36mRAILS_LOG_TO_STDOUT[0m
[dotenv] Loaded [33m.env[0m
[dotenv] Set [36mRAILS_LOG_TO_STDOUT[0m
[dotenv] Loaded [33m.env[0m
[dotenv] Set [36mRAILS_LOG_TO_STDOUT[0m
[dotenv] Loaded [33m.env[0m
D, [2024-10-28T12:20:16.471636 #62786] DEBUG -- : [gruf] Binding OnPrem::Service to HeartbeatController
I, [2024-10-28T12:20:16.471850 #62786]  INFO -- : [gruf] Starting gruf server at 0.0.0.0:50051...
I, [2024-10-28T12:20:16.472636 #62786]  INFO -- : handling /OnPrem/Heartbeat with #<Method: OnPrem::Service#heartbeat(message, active_call) /Users/alex/.asdf/installs/ruby/3.3.4/lib/ruby/gems/3.3.0/gems/gruf-2.20.1/lib/gruf/controllers/service_binder.rb:52>
I, [2024-10-28T12:20:19.086039 #62786]  INFO -- : deadline is 1970-01-01 00:59:59 +0100; (now=2024-10-28 12:20:19 +0000)
I, [2024-10-28T12:20:19.086137 #62786]  INFO -- : schedule another job
D, [2024-10-28T12:20:19.097212 #62786] DEBUG -- : [gruf] Binding OnPrem::Service to HeartbeatController
D, [2024-10-28T12:20:19.097372 #62786] DEBUG -- : Intercepting request with interceptor: Gruf::Interceptors::Rails::Reloader
D, [2024-10-28T12:20:19.106307 #62786] DEBUG -- : Intercepting request with interceptor: Gruf::Interceptors::ActiveRecord::ConnectionReset
D, [2024-10-28T12:20:19.106341 #62786] DEBUG -- : Intercepting request with interceptor: Gruf::Interceptors::Instrumentation::OutputMetadataTimer
D, [2024-10-28T12:20:19.106367 #62786] DEBUG -- : Intercepting request with interceptor: Gruf::Interceptors::Instrumentation::RequestLogging::Interceptor
D, [2024-10-28T12:20:19.106412 #62786] DEBUG -- : Intercepting request with interceptor: AuthenticationInterceptor
D, [2024-10-28T12:20:19.106766 #62786] DEBUG -- : app err:#<GRPC::ActiveCall:0x000000012f13d528>, status:13:uninitialized constant Gruf::Status
D, [2024-10-28T12:20:19.106783 #62786] DEBUG -- : Sending status  13:uninitialized constant Gruf::Status
I, [2024-10-28T12:20:20.291713 #62786]  INFO -- : deadline is 1970-01-01 00:59:59 +0100; (now=2024-10-28 12:20:20 +0000)
I, [2024-10-28T12:20:20.291791 #62786]  INFO -- : schedule another job
D, [2024-10-28T12:20:20.302920 #62786] DEBUG -- : [gruf] Binding OnPrem::Service to HeartbeatController
D, [2024-10-28T12:20:20.303041 #62786] DEBUG -- : Intercepting request with interceptor: Gruf::Interceptors::Rails::Reloader
D, [2024-10-28T12:20:20.309560 #62786] DEBUG -- : Intercepting request with interceptor: Gruf::Interceptors::ActiveRecord::ConnectionReset
D, [2024-10-28T12:20:20.309586 #62786] DEBUG -- : Intercepting request with interceptor: Gruf::Interceptors::Instrumentation::OutputMetadataTimer
D, [2024-10-28T12:20:20.309607 #62786] DEBUG -- : Intercepting request with interceptor: Gruf::Interceptors::Instrumentation::RequestLogging::Interceptor
D, [2024-10-28T12:20:20.309642 #62786] DEBUG -- : Intercepting request with interceptor: AuthenticationInterceptor
D, [2024-10-28T12:20:20.309892 #62786] DEBUG -- : app err:#<GRPC::ActiveCall:0x000000012dcd3038>, status:13:uninitialized constant Gruf::Status
D, [2024-10-28T12:20:20.309911 #62786] DEBUG -- : Sending status  13:uninitialized constant Gruf::Status
I, [2024-10-28T12:23:35.886303 #62786]  INFO -- : deadline is 1970-01-01 00:59:59 +0100; (now=2024-10-28 12:23:35 +0000)
I, [2024-10-28T12:23:35.886415 #62786]  INFO -- : schedule another job
D, [2024-10-28T12:23:35.904335 #62786] DEBUG -- : [gruf] Binding OnPrem::Service to HeartbeatController
D, [2024-10-28T12:23:35.904463 #62786] DEBUG -- : Intercepting request with interceptor: Gruf::Interceptors::Rails::Reloader
D, [2024-10-28T12:23:35.987136 #62786] DEBUG -- : Intercepting request with interceptor: Gruf::Interceptors::ActiveRecord::ConnectionReset
D, [2024-10-28T12:23:35.987167 #62786] DEBUG -- : Intercepting request with interceptor: Gruf::Interceptors::Instrumentation::OutputMetadataTimer
D, [2024-10-28T12:23:35.987193 #62786] DEBUG -- : Intercepting request with interceptor: Gruf::Interceptors::Instrumentation::RequestLogging::Interceptor
D, [2024-10-28T12:23:35.987225 #62786] DEBUG -- : Intercepting request with interceptor: AuthenticationInterceptor
D, [2024-10-28T12:23:35.988150 #62786] DEBUG -- : app err:#<GRPC::ActiveCall:0x000000012f51dad0>, status:13:uninitialized constant Gruf::Status
D, [2024-10-28T12:23:35.988169 #62786] DEBUG -- : Sending status  13:uninitialized constant Gruf::Status
I, [2024-10-28T12:23:43.781137 #62786]  INFO -- : stopping, will wait for all the workers to exit
I, [2024-10-28T12:23:43.781210 #62786]  INFO -- : stopped: #<GRPC::RpcServer:0x000000012f1946c0>
I, [2024-10-28T12:23:43.782774 #62786]  INFO -- : stopped, all workers are shutdown
I, [2024-10-28T12:23:43.782928 #62786]  INFO -- : [gruf] Goodbye!
[dotenv] Set [36mRAILS_LOG_TO_STDOUT[0m
[dotenv] Loaded [33m.env[0m
D, [2024-10-28T12:23:45.688448 #63690] DEBUG -- : [gruf] Binding OnPrem::Service to HeartbeatController
I, [2024-10-28T12:23:45.688597 #63690]  INFO -- : [gruf] Starting gruf server at 0.0.0.0:50051...
I, [2024-10-28T12:23:45.689460 #63690]  INFO -- : handling /OnPrem/Heartbeat with #<Method: OnPrem::Service#heartbeat(message, active_call) /Users/alex/.asdf/installs/ruby/3.3.4/lib/ruby/gems/3.3.0/gems/gruf-2.20.1/lib/gruf/controllers/service_binder.rb:52>
I, [2024-10-28T12:23:46.929190 #63690]  INFO -- : deadline is 1970-01-01 00:59:59 +0100; (now=2024-10-28 12:23:46 +0000)
I, [2024-10-28T12:23:46.929268 #63690]  INFO -- : schedule another job
D, [2024-10-28T12:23:46.940359 #63690] DEBUG -- : [gruf] Binding OnPrem::Service to HeartbeatController
D, [2024-10-28T12:23:46.940495 #63690] DEBUG -- : Intercepting request with interceptor: Gruf::Interceptors::Rails::Reloader
D, [2024-10-28T12:23:46.949346 #63690] DEBUG -- : Intercepting request with interceptor: Gruf::Interceptors::ActiveRecord::ConnectionReset
D, [2024-10-28T12:23:46.949375 #63690] DEBUG -- : Intercepting request with interceptor: Gruf::Interceptors::Instrumentation::OutputMetadataTimer
D, [2024-10-28T12:23:46.949401 #63690] DEBUG -- : Intercepting request with interceptor: Gruf::Interceptors::Instrumentation::RequestLogging::Interceptor
D, [2024-10-28T12:23:46.949451 #63690] DEBUG -- : Intercepting request with interceptor: AuthenticationInterceptor
D, [2024-10-28T12:23:46.949805 #63690] DEBUG -- : app err:#<GRPC::ActiveCall:0x000000011f2dd528>, status:13:uninitialized constant AuthenticationInterceptor::DeploymentToken
D, [2024-10-28T12:23:46.949822 #63690] DEBUG -- : Sending status  13:uninitialized constant AuthenticationInterceptor::DeploymentToken
I, [2024-10-28T12:24:10.849445 #63690]  INFO -- : deadline is 1970-01-01 00:59:59 +0100; (now=2024-10-28 12:24:10 +0000)
I, [2024-10-28T12:24:10.849538 #63690]  INFO -- : schedule another job
D, [2024-10-28T12:24:10.861984 #63690] DEBUG -- : [gruf] Binding OnPrem::Service to HeartbeatController
D, [2024-10-28T12:24:10.862114 #63690] DEBUG -- : Intercepting request with interceptor: Gruf::Interceptors::Rails::Reloader
D, [2024-10-28T12:24:10.925786 #63690] DEBUG -- : Intercepting request with interceptor: Gruf::Interceptors::ActiveRecord::ConnectionReset
D, [2024-10-28T12:24:10.925818 #63690] DEBUG -- : Intercepting request with interceptor: Gruf::Interceptors::Instrumentation::OutputMetadataTimer
D, [2024-10-28T12:24:10.925835 #63690] DEBUG -- : Intercepting request with interceptor: Gruf::Interceptors::Instrumentation::RequestLogging::Interceptor
D, [2024-10-28T12:24:10.925867 #63690] DEBUG -- : Intercepting request with interceptor: AuthenticationInterceptor
D, [2024-10-28T12:24:10.926063 #63690] DEBUG -- : app err:#<GRPC::ActiveCall:0x000000011f270e78>, status:13:uninitialized constant AuthenticationInterceptor::DeploymentToken
D, [2024-10-28T12:24:10.926076 #63690] DEBUG -- : Sending status  13:uninitialized constant AuthenticationInterceptor::DeploymentToken
I, [2024-10-28T12:24:13.575557 #63690]  INFO -- : stopping, will wait for all the workers to exit
I, [2024-10-28T12:24:13.575676 #63690]  INFO -- : stopped: #<GRPC::RpcServer:0x000000011fc55330>
I, [2024-10-28T12:24:13.577626 #63690]  INFO -- : stopped, all workers are shutdown
I, [2024-10-28T12:24:13.577823 #63690]  INFO -- : [gruf] Goodbye!
[dotenv] Set [36mRAILS_LOG_TO_STDOUT[0m
[dotenv] Loaded [33m.env[0m
D, [2024-10-28T12:24:15.320551 #64420] DEBUG -- : [gruf] Binding OnPrem::Service to HeartbeatController
I, [2024-10-28T12:24:15.320749 #64420]  INFO -- : [gruf] Starting gruf server at 0.0.0.0:50051...
I, [2024-10-28T12:24:15.321693 #64420]  INFO -- : handling /OnPrem/Heartbeat with #<Method: OnPrem::Service#heartbeat(message, active_call) /Users/alex/.asdf/installs/ruby/3.3.4/lib/ruby/gems/3.3.0/gems/gruf-2.20.1/lib/gruf/controllers/service_binder.rb:52>
I, [2024-10-28T12:24:15.825842 #64420]  INFO -- : deadline is 1970-01-01 00:59:59 +0100; (now=2024-10-28 12:24:15 +0000)
I, [2024-10-28T12:24:15.825932 #64420]  INFO -- : schedule another job
D, [2024-10-28T12:24:15.837435 #64420] DEBUG -- : [gruf] Binding OnPrem::Service to HeartbeatController
D, [2024-10-28T12:24:15.837569 #64420] DEBUG -- : Intercepting request with interceptor: Gruf::Interceptors::Rails::Reloader
D, [2024-10-28T12:24:15.845988 #64420] DEBUG -- : Intercepting request with interceptor: Gruf::Interceptors::ActiveRecord::ConnectionReset
D, [2024-10-28T12:24:15.846020 #64420] DEBUG -- : Intercepting request with interceptor: Gruf::Interceptors::Instrumentation::OutputMetadataTimer
D, [2024-10-28T12:24:15.846046 #64420] DEBUG -- : Intercepting request with interceptor: Gruf::Interceptors::Instrumentation::RequestLogging::Interceptor
D, [2024-10-28T12:24:15.846096 #64420] DEBUG -- : Intercepting request with interceptor: AuthenticationInterceptor
D, [2024-10-28T12:24:15.846512 #64420] DEBUG -- : app err:#<GRPC::ActiveCall:0x000000011f6ed528>, status:13:undefined method `split' for nil
D, [2024-10-28T12:24:15.846529 #64420] DEBUG -- : Sending status  13:undefined method `split' for nil
I, [2024-10-28T12:24:37.695969 #64420]  INFO -- : deadline is 1970-01-01 00:59:59 +0100; (now=2024-10-28 12:24:37 +0000)
I, [2024-10-28T12:24:37.696045 #64420]  INFO -- : schedule another job
D, [2024-10-28T12:24:37.707095 #64420] DEBUG -- : [gruf] Binding OnPrem::Service to HeartbeatController
D, [2024-10-28T12:24:37.707215 #64420] DEBUG -- : Intercepting request with interceptor: Gruf::Interceptors::Rails::Reloader
D, [2024-10-28T12:24:37.778836 #64420] DEBUG -- : Intercepting request with interceptor: Gruf::Interceptors::ActiveRecord::ConnectionReset
D, [2024-10-28T12:24:37.778868 #64420] DEBUG -- : Intercepting request with interceptor: Gruf::Interceptors::Instrumentation::OutputMetadataTimer
D, [2024-10-28T12:24:37.778887 #64420] DEBUG -- : Intercepting request with interceptor: Gruf::Interceptors::Instrumentation::RequestLogging::Interceptor
D, [2024-10-28T12:24:37.778913 #64420] DEBUG -- : Intercepting request with interceptor: AuthenticationInterceptor
D, [2024-10-28T12:24:37.779117 #64420] DEBUG -- : app err:#<GRPC::ActiveCall:0x000000011f680f18>, status:13:undefined method `split' for nil
D, [2024-10-28T12:24:37.779129 #64420] DEBUG -- : Sending status  13:undefined method `split' for nil
I, [2024-10-28T12:24:39.101424 #64420]  INFO -- : stopping, will wait for all the workers to exit
I, [2024-10-28T12:24:39.101528 #64420]  INFO -- : stopped: #<GRPC::RpcServer:0x000000011e5d01f0>
I, [2024-10-28T12:24:39.103840 #64420]  INFO -- : stopped, all workers are shutdown
I, [2024-10-28T12:24:39.104056 #64420]  INFO -- : [gruf] Goodbye!
[dotenv] Set [36mRAILS_LOG_TO_STDOUT[0m
[dotenv] Loaded [33m.env[0m
D, [2024-10-28T12:24:40.817689 #64999] DEBUG -- : [gruf] Binding OnPrem::Service to HeartbeatController
I, [2024-10-28T12:24:40.817895 #64999]  INFO -- : [gruf] Starting gruf server at 0.0.0.0:50051...
I, [2024-10-28T12:24:40.818682 #64999]  INFO -- : handling /OnPrem/Heartbeat with #<Method: OnPrem::Service#heartbeat(message, active_call) /Users/alex/.asdf/installs/ruby/3.3.4/lib/ruby/gems/3.3.0/gems/gruf-2.20.1/lib/gruf/controllers/service_binder.rb:52>
I, [2024-10-28T12:24:45.999852 #64999]  INFO -- : deadline is 1970-01-01 00:59:59 +0100; (now=2024-10-28 12:24:45 +0000)
I, [2024-10-28T12:24:45.999968 #64999]  INFO -- : schedule another job
D, [2024-10-28T12:24:46.012076 #64999] DEBUG -- : [gruf] Binding OnPrem::Service to HeartbeatController
D, [2024-10-28T12:24:46.012227 #64999] DEBUG -- : Intercepting request with interceptor: Gruf::Interceptors::Rails::Reloader
D, [2024-10-28T12:24:46.029960 #64999] DEBUG -- : Intercepting request with interceptor: Gruf::Interceptors::ActiveRecord::ConnectionReset
D, [2024-10-28T12:24:46.029989 #64999] DEBUG -- : Intercepting request with interceptor: Gruf::Interceptors::Instrumentation::OutputMetadataTimer
D, [2024-10-28T12:24:46.030011 #64999] DEBUG -- : Intercepting request with interceptor: Gruf::Interceptors::Instrumentation::RequestLogging::Interceptor
D, [2024-10-28T12:24:46.030056 #64999] DEBUG -- : Intercepting request with interceptor: AuthenticationInterceptor
D, [2024-10-28T12:24:46.069699 #64999] DEBUG -- :   [1m[36mDeployment::Token Load (0.6ms)[0m  [1m[34mSELECT "deployment_tokens".* FROM "deployment_tokens" WHERE "deployment_tokens"."token" = $1 LIMIT $2[0m  [["token", "[FILTERED]"], ["LIMIT", 1]]
D, [2024-10-28T12:24:46.069913 #64999] DEBUG -- :   ↳ app/interceptors/authentication_interceptor.rb:10:in `authenticate!'
W, [2024-10-28T12:24:46.070183 #64999]  WARN -- : [GRPC::Unauthenticated] (heartbeat) [40.05ms] [GRPC::Unauthenticated] (on_prem.heartbeat) 16:
D, [2024-10-28T12:24:46.070319 #64999] DEBUG -- : app err:#<GRPC::ActiveCall:0x000000013d31d538>, status:16:
D, [2024-10-28T12:24:46.070333 #64999] DEBUG -- : Sending status  16:
I, [2024-10-28T12:24:49.079447 #64999]  INFO -- : deadline is 1970-01-01 00:59:59 +0100; (now=2024-10-28 12:24:49 +0000)
I, [2024-10-28T12:24:49.079529 #64999]  INFO -- : schedule another job
D, [2024-10-28T12:24:49.092804 #64999] DEBUG -- : [gruf] Binding OnPrem::Service to HeartbeatController
D, [2024-10-28T12:24:49.092943 #64999] DEBUG -- : Intercepting request with interceptor: Gruf::Interceptors::Rails::Reloader
D, [2024-10-28T12:24:49.099405 #64999] DEBUG -- : Intercepting request with interceptor: Gruf::Interceptors::ActiveRecord::ConnectionReset
D, [2024-10-28T12:24:49.099440 #64999] DEBUG -- : Intercepting request with interceptor: Gruf::Interceptors::Instrumentation::OutputMetadataTimer
D, [2024-10-28T12:24:49.099460 #64999] DEBUG -- : Intercepting request with interceptor: Gruf::Interceptors::Instrumentation::RequestLogging::Interceptor
D, [2024-10-28T12:24:49.099501 #64999] DEBUG -- : Intercepting request with interceptor: AuthenticationInterceptor
D, [2024-10-28T12:24:49.100013 #64999] DEBUG -- :   [1m[36mDeployment::Token Load (0.1ms)[0m  [1m[34mSELECT "deployment_tokens".* FROM "deployment_tokens" WHERE "deployment_tokens"."token" = $1 LIMIT $2[0m  [["token", "[FILTERED]"], ["LIMIT", 1]]
D, [2024-10-28T12:24:49.100231 #64999] DEBUG -- :   ↳ app/interceptors/authentication_interceptor.rb:10:in `authenticate!'
W, [2024-10-28T12:24:49.100444 #64999]  WARN -- : [GRPC::Unauthenticated] (heartbeat) [0.9ms] [GRPC::Unauthenticated] (on_prem.heartbeat) 16:
D, [2024-10-28T12:24:49.100555 #64999] DEBUG -- : app err:#<GRPC::ActiveCall:0x000000013d5fe9c8>, status:16:
D, [2024-10-28T12:24:49.100569 #64999] DEBUG -- : Sending status  16:
[dotenv] Set [36mRAILS_LOG_TO_STDOUT[0m
[dotenv] Loaded [33m.env[0m
D, [2024-10-28T12:31:11.326307 #69820] DEBUG -- : [gruf] Binding OnPrem::Service to HeartbeatController
[dotenv] Set [36mRAILS_LOG_TO_STDOUT[0m
[dotenv] Loaded [33m.env[0m
D, [2024-10-28T12:31:33.551512 #77625] DEBUG -- : [gruf] Binding OnPrem::Service to HeartbeatController
